<?xml version="1.0" encoding="UTF-8"?>
<!-- Generated by org.testng.reporters.JUnitReportReporter -->
<testsuite hostname="DESKTOP-HR9B3S3" failures="0" tests="2" name="testCases.TC_001_AccountRegistrationTest" time="7.099" errors="0" timestamp="2024-05-24T14:37:17 EDT" skipped="0">
  <testcase classname="testCases.TC_001_AccountRegistrationTest" name="verify_account_registration" time="2.948"/>
  <testcase classname="testCases.TC_001_AccountRegistrationTest" name="verify_account_registration" time="4.151"/>
</testsuite> <!-- testCases.TC_001_AccountRegistrationTest -->
