<?xml version="1.0" encoding="UTF-8"?>
<!-- Generated by org.testng.reporters.JUnitReportReporter -->
<testsuite hostname="DESKTOP-F8PBLG8" failures="0" tests="1" name="testCases.TC_001_AccountRegistrationTest" time="3.139" errors="0" timestamp="2024-05-13T00:36:10 EDT" skipped="0">
  <testcase classname="testCases.TC_001_AccountRegistrationTest" name="verify_account_registration" time="3.139"/>
</testsuite> <!-- testCases.TC_001_AccountRegistrationTest -->
