<?xml version="1.0" encoding="UTF-8"?>
<!-- Generated by org.testng.reporters.JUnitReportReporter -->
<testsuite hostname="DESKTOP-F8PBLG8" failures="0" tests="1" name="testCases.AccountRegistration" time="3.963" errors="0" timestamp="2024-04-30T23:26:23 EDT" skipped="0">
  <testcase classname="testCases.AccountRegistration" name="verify_account_registration" time="3.963"/>
</testsuite> <!-- testCases.AccountRegistration -->
