<?xml version="1.0" encoding="UTF-8"?>
<!-- Generated by org.testng.reporters.JUnitReportReporter -->
<testsuite hostname="DESKTOP-HR9B3S3" failures="0" tests="1" name="testCases.TC_007_ProductDisplayTest" time="2.101" errors="0" timestamp="2024-05-27T15:08:55 EDT" skipped="0">
  <testcase classname="testCases.TC_007_ProductDisplayTest" name="verify_productdisplay" time="2.101"/>
</testsuite> <!-- testCases.TC_007_ProductDisplayTest -->
