<?xml version="1.0" encoding="UTF-8"?>
<!-- Generated by org.testng.reporters.JUnitReportReporter -->
<testsuite hostname="DESKTOP-HR9B3S3" failures="0" tests="1" name="testCases.TC_001_AccountRegistrationTest" time="3.100" errors="0" timestamp="2024-05-24T15:22:24 EDT" skipped="0">
  <testcase classname="testCases.TC_001_AccountRegistrationTest" name="verify_account_registration" time="3.100"/>
</testsuite> <!-- testCases.TC_001_AccountRegistrationTest -->
