<?xml version="1.0" encoding="UTF-8"?>
<!-- Generated by org.testng.reporters.JUnitReportReporter -->
<testsuite hostname="DESKTOP-HR9B3S3" failures="0" tests="1" name="testCases.TC_002_LoginTest" time="1.838" errors="0" timestamp="2024-05-24T15:22:24 EDT" skipped="0">
  <testcase classname="testCases.TC_002_LoginTest" name="verify_login" time="1.838"/>
</testsuite> <!-- testCases.TC_002_LoginTest -->
