<?xml version="1.0" encoding="UTF-8"?>
<!-- Generated by org.testng.reporters.JUnitReportReporter -->
<testsuite hostname="DESKTOP-HR9B3S3" failures="0" tests="1" name="testCases.TC_001_AccountRegistrationTest" time="2.618" errors="0" timestamp="2024-05-27T14:03:25 EDT" skipped="0">
  <testcase classname="testCases.TC_001_AccountRegistrationTest" name="verify_account_registration" time="2.618"/>
</testsuite> <!-- testCases.TC_001_AccountRegistrationTest -->
